[  1%] Building CXX object CMakeFiles/CkPttn.dir/source/FMBiGainCalc.cpp.o
Warning: include-what-you-use reported diagnostics:

/data/data/com.termux/files/home/github/ckpttn-cpp/include/ckpttn/FMBiGainCalc.hpp should add these lines:
#include <boost/container/pmr/monotonic_buffer_resource.hpp>  // for monoton...
#include <boost/container/pmr/vector.hpp>                     // for vector
#include <cstddef>                                            // for byte
#include <cstdint>                                            // for uint8_t
#include <py2cpp/range.hpp>                                   // for _iterator
#include <utility>                                            // for pair
#include <vector>                                             // for vector

/data/data/com.termux/files/home/github/ckpttn-cpp/include/ckpttn/FMBiGainCalc.hpp should remove these lines:
- #include "FMPmrConfig.hpp"  // lines 5-5

The full include-list for /data/data/com.termux/files/home/github/ckpttn-cpp/include/ckpttn/FMBiGainCalc.hpp:
#include <boost/container/pmr/monotonic_buffer_resource.hpp>  // for monoton...
#include <boost/container/pmr/vector.hpp>                     // for vector
#include <cstddef>                                            // for byte
#include <cstdint>                                            // for uint8_t
#include <gsl/span>                                           // for span
#include <py2cpp/range.hpp>                                   // for _iterator
#include <utility>                                            // for pair
#include <vector>                                             // for vector
#include "dllist.hpp"                                         // for dllink
#include "netlist.hpp"                                        // for SimpleN...
---

/data/data/com.termux/files/home/github/ckpttn-cpp/source/FMBiGainCalc.cpp should add these lines:
#include <__config>                    // for std
#include <__hash_table>                // for __hash_const_iterator, operator!=
#include <array>                       // for array
#include <boost/container/vector.hpp>  // for operator!=, vec_iterator, vector
#include <initializer_list>            // for initializer_list
#include <py2cpp/set.hpp>              // for set
#include <xnetwork/classes/graph.hpp>  // for Graph
#include "ckpttn/netlist.hpp"          // for SimpleNetlist, MoveInfo

/data/data/com.termux/files/home/github/ckpttn-cpp/source/FMBiGainCalc.cpp should remove these lines:

The full include-list for /data/data/com.termux/files/home/github/ckpttn-cpp/source/FMBiGainCalc.cpp:
#include <ckpttn/FMBiGainCalc.hpp>
#include <__config>                    // for std
#include <__hash_table>                // for __hash_const_iterator, operator!=
#include <array>                       // for array
#include <boost/container/vector.hpp>  // for operator!=, vec_iterator, vector
#include <ckpttn/FMPmrConfig.hpp>      // for FM_MAX_DEGREE
#include <initializer_list>            // for initializer_list
#include <py2cpp/set.hpp>              // for set
#include <vector>                      // for vector
#include <xnetwork/classes/graph.hpp>  // for Graph
#include "ckpttn/netlist.hpp"          // for SimpleNetlist, MoveInfo
---

[  3%] Building CXX object CMakeFiles/CkPttn.dir/source/FMBiGainMgr2.cpp.o
Warning: include-what-you-use reported diagnostics:

/data/data/com.termux/files/home/github/ckpttn-cpp/source/FMBiGainMgr2.cpp should add these lines:
#include <stdint.h>                 // for uint8_t
#include <__config>                 // for std
#include <__hash_table>             // for __hash_const_iterator, operator!=
#include <gsl/span>                 // for span
#include <py2cpp/range.hpp>         // for _iterator
#include <py2cpp/set.hpp>           // for set
#include <vector>                   // for vector
#include "ckpttn/bpqueue.hpp"       // for bpqueue
#include "ckpttn/netlist.hpp"       // for Netlist, SimpleNetlist

/data/data/com.termux/files/home/github/ckpttn-cpp/source/FMBiGainMgr2.cpp should remove these lines:

The full include-list for /data/data/com.termux/files/home/github/ckpttn-cpp/source/FMBiGainMgr2.cpp:
#include <stdint.h>                 // for uint8_t
#include <__config>                 // for std
#include <__hash_table>             // for __hash_const_iterator, operator!=
#include <ckpttn/FMBiGainCalc.hpp>  // for FMBiGainCalc, FMBiGainCalc::Item
#include <ckpttn/FMBiGainMgr.hpp>   // for FMBiGainMgr, FMBiGainMgr::Base
#include <gsl/span>                 // for span
#include <py2cpp/range.hpp>         // for _iterator
#include <py2cpp/set.hpp>           // for set
#include <vector>                   // for vector
#include "ckpttn/bpqueue.hpp"       // for bpqueue
#include "ckpttn/netlist.hpp"       // for Netlist, SimpleNetlist
---

[  5%] Building CXX object CMakeFiles/CkPttn.dir/source/FMConstrMgr.cpp.o
Warning: include-what-you-use reported diagnostics:

/data/data/com.termux/files/home/github/ckpttn-cpp/include/ckpttn/FMConstrMgr.hpp should add these lines:

/data/data/com.termux/files/home/github/ckpttn-cpp/include/ckpttn/FMConstrMgr.hpp should remove these lines:
- #include <cmath>  // lines 4-4

The full include-list for /data/data/com.termux/files/home/github/ckpttn-cpp/include/ckpttn/FMConstrMgr.hpp:
#include <cinttypes>    // for uint8_t
#include <gsl/span>     // for span
#include <vector>       // for vector
#include "netlist.hpp"  // for SimpleNetlist
---

/data/data/com.termux/files/home/github/ckpttn-cpp/source/FMConstrMgr.cpp should add these lines:
#include <__config>            // for std
#include <algorithm>           // for fill
#include <cmath>               // for round
#include <py2cpp/range.hpp>    // for _iterator

/data/data/com.termux/files/home/github/ckpttn-cpp/source/FMConstrMgr.cpp should remove these lines:

The full include-list for /data/data/com.termux/files/home/github/ckpttn-cpp/source/FMConstrMgr.cpp:
#include <ckpttn/FMConstrMgr.hpp>
#include <__config>            // for std
#include <algorithm>           // for fill
#include <ckpttn/netlist.hpp>  // for MoveInfoV, SimpleNetlist, Netlist
#include <cmath>               // for round
#include <py2cpp/range.hpp>    // for _iterator
---

[  7%] Building CXX object CMakeFiles/CkPttn.dir/source/FMGainMgr.cpp.o
Warning: include-what-you-use reported diagnostics:

/data/data/com.termux/files/home/github/ckpttn-cpp/include/ckpttn/FMGainMgr.hpp should add these lines:
#include <tuple>                      // for tuple
#include <utility>                    // for pair
#include <vector>                     // for vector<>::const_iterator, vector
#include "ckpttn/FMBiGainCalc.hpp"    // for FMBiGainCalc
#include "ckpttn/FMKWayGainCalc.hpp"  // for FMKWayGainCalc

/data/data/com.termux/files/home/github/ckpttn-cpp/include/ckpttn/FMGainMgr.hpp should remove these lines:
- #include <iterator>  // lines 6-6
- #include <memory>  // lines 7-7
- #include <type_traits>  // lines 8-8

The full include-list for /data/data/com.termux/files/home/github/ckpttn-cpp/include/ckpttn/FMGainMgr.hpp:
#include <algorithm>                  // for all_of
#include <cinttypes>                  // for uint8_t, uint32_t
#include <gsl/span>                   // for span
#include <tuple>                      // for tuple
#include <utility>                    // for pair
#include <vector>                     // for vector<>::const_iterator, vector
#include "bpqueue.hpp"                // for bpqueue
#include "ckpttn/FMBiGainCalc.hpp"    // for FMBiGainCalc
#include "ckpttn/FMKWayGainCalc.hpp"  // for FMKWayGainCalc
#include "dllist.hpp"                 // for dllink
#include "netlist.hpp"                // for SimpleNetlist
---

/data/data/com.termux/files/home/github/ckpttn-cpp/source/FMGainMgr.cpp should add these lines:
#include <__config>                        // for std
#include <__hash_table>                    // for __hash_const_iterator, ope...
#include <boost/container/pmr/vector.hpp>  // for vector
#include <boost/container/vector.hpp>      // for operator!=, vec_iterator
#include <iterator>                        // for distance
#include <py2cpp/set.hpp>                  // for set
#include <type_traits>                     // for is_base_of, integral_const...
#include <xnetwork/classes/graph.hpp>      // for Graph
#include "ckpttn/bpqueue.hpp"              // for bpqueue
#include "ckpttn/dllist.hpp"               // for dllink
#include "ckpttn/netlist.hpp"              // for MoveInfoV, SimpleNetlist

/data/data/com.termux/files/home/github/ckpttn-cpp/source/FMGainMgr.cpp should remove these lines:

The full include-list for /data/data/com.termux/files/home/github/ckpttn-cpp/source/FMGainMgr.cpp:
#include <ckpttn/FMGainMgr.hpp>
#include <__config>                        // for std
#include <__hash_table>                    // for __hash_const_iterator, ope...
#include <boost/container/pmr/vector.hpp>  // for vector
#include <boost/container/vector.hpp>      // for operator!=, vec_iterator
#include <ckpttn/FMBiGainMgr.hpp>          // for FMBiGainMgr
#include <ckpttn/FMKWayGainMgr.hpp>        // for FMKWayGainMgr
#include <ckpttn/FMPmrConfig.hpp>          // for FM_MAX_DEGREE
#include <iterator>                        // for distance
#include <py2cpp/set.hpp>                  // for set
#include <type_traits>                     // for is_base_of, integral_const...
#include <vector>                          // for vector<>::iterator, vector
#include <xnetwork/classes/graph.hpp>      // for Graph
#include "ckpttn/bpqueue.hpp"              // for bpqueue
#include "ckpttn/dllist.hpp"               // for dllink
#include "ckpttn/netlist.hpp"              // for MoveInfoV, SimpleNetlist
---

[  9%] Building CXX object CMakeFiles/CkPttn.dir/source/FMKWayConstrMgr.cpp.o
Warning: include-what-you-use reported diagnostics:

/data/data/com.termux/files/home/github/ckpttn-cpp/include/ckpttn/FMKWayConstrMgr.hpp should add these lines:
#include <stdint.h>            // for uint8_t
#include <iterator>            // for distance
#include <vector>              // for vector
#include "ckpttn/netlist.hpp"  // for MoveInfoV (ptr only), SimpleNetlist

/data/data/com.termux/files/home/github/ckpttn-cpp/include/ckpttn/FMKWayConstrMgr.hpp should remove these lines:

The full include-list for /data/data/com.termux/files/home/github/ckpttn-cpp/include/ckpttn/FMKWayConstrMgr.hpp:
#include <stdint.h>            // for uint8_t
#include <algorithm>           // for min_element
#include <gsl/span>            // for span
#include <iterator>            // for distance
#include <vector>              // for vector
#include "FMConstrMgr.hpp"     // for FMConstrMgr, FMConstrMgr::node_t, Lega...
#include "ckpttn/netlist.hpp"  // for MoveInfoV (ptr only), SimpleNetlist
---

/data/data/com.termux/files/home/github/ckpttn-cpp/source/FMKWayConstrMgr.cpp should add these lines:
#include "ckpttn/FMConstrMgr.hpp"  // for LegalCheck, LegalCheck::allsatisfied

/data/data/com.termux/files/home/github/ckpttn-cpp/source/FMKWayConstrMgr.cpp should remove these lines:

The full include-list for /data/data/com.termux/files/home/github/ckpttn-cpp/source/FMKWayConstrMgr.cpp:
#include <ckpttn/FMKWayConstrMgr.hpp>
#include "ckpttn/FMConstrMgr.hpp"  // for LegalCheck, LegalCheck::allsatisfied
---

[ 11%] Building CXX object CMakeFiles/CkPttn.dir/source/FMKWayGainCalc.cpp.o
Warning: include-what-you-use reported diagnostics:

/data/data/com.termux/files/home/github/ckpttn-cpp/include/ckpttn/FMKWayGainCalc.hpp should add these lines:
#include <stdint.h>                                           // for uint8_t
#include <algorithm>                                          // for fill
#include <boost/container/pmr/monotonic_buffer_resource.hpp>  // for monoton...
#include <boost/container/pmr/vector.hpp>                     // for vector
#include <boost/container/vector.hpp>                         // for vector<...
#include <cstddef>                                            // for byte
#include <py2cpp/range.hpp>                                   // for _iterator
#include <type_traits>                                        // for move
#include <utility>                                            // for pair
#include <vector>                                             // for vector

/data/data/com.termux/files/home/github/ckpttn-cpp/include/ckpttn/FMKWayGainCalc.hpp should remove these lines:
- #include "FMPmrConfig.hpp"  // lines 5-5

The full include-list for /data/data/com.termux/files/home/github/ckpttn-cpp/include/ckpttn/FMKWayGainCalc.hpp:
#include <stdint.h>                                           // for uint8_t
#include <algorithm>                                          // for fill
#include <boost/container/pmr/monotonic_buffer_resource.hpp>  // for monoton...
#include <boost/container/pmr/vector.hpp>                     // for vector
#include <boost/container/vector.hpp>                         // for vector<...
#include <cstddef>                                            // for byte
#include <gsl/span>                                           // for span
#include <py2cpp/range.hpp>                                   // for _iterator
#include <type_traits>                                        // for move
#include <utility>                                            // for pair
#include <vector>                                             // for vector
#include "dllist.hpp"                                         // for dllink
#include "netlist.hpp"                                        // for SimpleN...
#include "robin.hpp"                                          // for robin<>...
---

/data/data/com.termux/files/home/github/ckpttn-cpp/source/FMKWayGainCalc.cpp should add these lines:
#include <assert.h>                    // for assert
#include <__config>                    // for std
#include <__hash_table>                // for __hash_const_iterator, operator!=
#include <initializer_list>            // for initializer_list
#include <py2cpp/set.hpp>              // for set
#include <xnetwork/classes/graph.hpp>  // for Graph
#include "ckpttn/dllist.hpp"           // for dllink
#include "ckpttn/netlist.hpp"          // for SimpleNetlist, MoveInfo
#include "ckpttn/robin.hpp"            // for robin<>::iterable_wrapper

/data/data/com.termux/files/home/github/ckpttn-cpp/source/FMKWayGainCalc.cpp should remove these lines:

The full include-list for /data/data/com.termux/files/home/github/ckpttn-cpp/source/FMKWayGainCalc.cpp:
#include <ckpttn/FMKWayGainCalc.hpp>
#include <assert.h>                    // for assert
#include <__config>                    // for std
#include <__hash_table>                // for __hash_const_iterator, operator!=
#include <ckpttn/FMPmrConfig.hpp>      // for FM_MAX_DEGREE, FM_MAX_NUM_PART...
#include <initializer_list>            // for initializer_list
#include <py2cpp/set.hpp>              // for set
#include <vector>                      // for vector, __vector_base<>::value...
#include <xnetwork/classes/graph.hpp>  // for Graph
#include "ckpttn/dllist.hpp"           // for dllink
#include "ckpttn/netlist.hpp"          // for SimpleNetlist, MoveInfo
#include "ckpttn/robin.hpp"            // for robin<>::iterable_wrapper
---

[ 12%] Building CXX object CMakeFiles/CkPttn.dir/source/FMKWayGainMgr.cpp.o
Warning: include-what-you-use reported diagnostics:

/data/data/com.termux/files/home/github/ckpttn-cpp/source/FMKWayGainMgr.cpp should add these lines:
#include <stdint.h>                        // for uint8_t
#include <__config>                        // for std
#include <__hash_table>                    // for __hash_const_iterator, ope...
#include <boost/container/pmr/vector.hpp>  // for vector
#include <gsl/span>                        // for span
#include <py2cpp/range.hpp>                // for _iterator
#include <py2cpp/set.hpp>                  // for set
#include <vector>                          // for vector, __vector_base<>::v...
#include "ckpttn/FMGainMgr.hpp"            // for FMGainMgr::Item
#include "ckpttn/bpqueue.hpp"              // for bpqueue
#include "ckpttn/netlist.hpp"              // for MoveInfoV, Netlist, Simple...
#include "ckpttn/robin.hpp"                // for robin<>::iterable_wrapper

/data/data/com.termux/files/home/github/ckpttn-cpp/source/FMKWayGainMgr.cpp should remove these lines:

The full include-list for /data/data/com.termux/files/home/github/ckpttn-cpp/source/FMKWayGainMgr.cpp:
#include <stdint.h>                        // for uint8_t
#include <__config>                        // for std
#include <__hash_table>                    // for __hash_const_iterator, ope...
#include <boost/container/pmr/vector.hpp>  // for vector
#include <ckpttn/FMKWayGainCalc.hpp>       // for FMKWayGainCalc
#include <ckpttn/FMKWayGainMgr.hpp>        // for FMKWayGainMgr, FMKWayGainM...
#include <gsl/span>                        // for span
#include <py2cpp/range.hpp>                // for _iterator
#include <py2cpp/set.hpp>                  // for set
#include <vector>                          // for vector, __vector_base<>::v...
#include "ckpttn/FMGainMgr.hpp"            // for FMGainMgr::Item
#include "ckpttn/bpqueue.hpp"              // for bpqueue
#include "ckpttn/netlist.hpp"              // for MoveInfoV, Netlist, Simple...
#include "ckpttn/robin.hpp"                // for robin<>::iterable_wrapper
---

[ 14%] Building CXX object CMakeFiles/CkPttn.dir/source/FMPartMgr.cpp.o
Warning: include-what-you-use reported diagnostics:

/data/data/com.termux/files/home/github/ckpttn-cpp/include/ckpttn/FMPartMgr.hpp should add these lines:
#include <stddef.h>         // for size_t
#include <stdint.h>         // for uint8_t
#include <algorithm>        // for copy
#include <vector>           // for vector

/data/data/com.termux/files/home/github/ckpttn-cpp/include/ckpttn/FMPartMgr.hpp should remove these lines:

The full include-list for /data/data/com.termux/files/home/github/ckpttn-cpp/include/ckpttn/FMPartMgr.hpp:
#include <stddef.h>         // for size_t
#include <stdint.h>         // for uint8_t
#include <algorithm>        // for copy
#include <gsl/span>         // for span
#include <vector>           // for vector
#include "PartMgrBase.hpp"  // for PartMgrBase, SimpleNetlist
---

(/data/data/com.termux/files/home/github/ckpttn-cpp/source/FMPartMgr.cpp has correct #includes/fwd-decls)

[ 16%] Building CXX object CMakeFiles/CkPttn.dir/source/HierNetlist.cpp.o
Warning: include-what-you-use reported diagnostics:

/data/data/com.termux/files/home/github/ckpttn-cpp/include/ckpttn/HierNetlist.hpp should add these lines:
#include <stdint.h>                    // for uint8_t
#include <__hash_table>                // for operator!=
#include <gsl/span>                    // for span
#include <py2cpp/dict.hpp>             // for dict
#include <py2cpp/set.hpp>              // for set
#include <type_traits>                 // for move
#include <vector>                      // for vector
#include <xnetwork/classes/graph.hpp>  // for SimpleGraph, Graph, Graph<>::n...

/data/data/com.termux/files/home/github/ckpttn-cpp/include/ckpttn/HierNetlist.hpp should remove these lines:

The full include-list for /data/data/com.termux/files/home/github/ckpttn-cpp/include/ckpttn/HierNetlist.hpp:
#include <stdint.h>                    // for uint8_t
#include <__hash_table>                // for operator!=
#include <gsl/span>                    // for span
#include <py2cpp/dict.hpp>             // for dict
#include <py2cpp/set.hpp>              // for set
#include <type_traits>                 // for move
#include <vector>                      // for vector
#include <xnetwork/classes/graph.hpp>  // for SimpleGraph, Graph, Graph<>::n...
#include "array_like.hpp"              // for shift_array
#include "netlist.hpp"                 // for Netlist, Netlist<>::nodeview_t
---

/data/data/com.termux/files/home/github/ckpttn-cpp/source/HierNetlist.cpp should add these lines:
#include <__config>            // for std
#include <py2cpp/range.hpp>    // for _iterator, iterable_wrapper
#include "ckpttn/netlist.hpp"  // for Netlist, Netlist<>::nodeview_t

/data/data/com.termux/files/home/github/ckpttn-cpp/source/HierNetlist.cpp should remove these lines:

The full include-list for /data/data/com.termux/files/home/github/ckpttn-cpp/source/HierNetlist.cpp:
#include <ckpttn/HierNetlist.hpp>
#include <__config>            // for std
#include <py2cpp/range.hpp>    // for _iterator, iterable_wrapper
#include "ckpttn/netlist.hpp"  // for Netlist, Netlist<>::nodeview_t
---

[ 18%] Building CXX object CMakeFiles/CkPttn.dir/source/MLPartMgr.cpp.o
Warning: include-what-you-use reported diagnostics:

/data/data/com.termux/files/home/github/ckpttn-cpp/source/MLPartMgr.cpp should add these lines:
#include <cstdint>                 // for uint8_t
#include <gsl/span>                // for span
#include <memory>                  // for unique_ptr
#include <py2cpp/set.hpp>          // for set
#include <tuple>                   // for tuple
#include <vector>                  // for vector
#include "ckpttn/HierNetlist.hpp"  // for HierNetlist
#include "ckpttn/netlist.hpp"      // for SimpleNetlist

/data/data/com.termux/files/home/github/ckpttn-cpp/source/MLPartMgr.cpp should remove these lines:
- #include <ckpttn/FMBiConstrMgr.hpp>  // lines 63-63
- #include <ckpttn/FMBiGainMgr.hpp>  // lines 64-64
- #include <ckpttn/FMKWayConstrMgr.hpp>  // lines 70-70
- #include <ckpttn/FMKWayGainMgr.hpp>  // lines 71-71
- #include <ckpttn/FMPartMgr.hpp>  // lines 65-65

The full include-list for /data/data/com.termux/files/home/github/ckpttn-cpp/source/MLPartMgr.cpp:
#include <ckpttn/FMConstrMgr.hpp>  // for LegalCheck, LegalCheck::allsatisfied
#include <ckpttn/MLPartMgr.hpp>    // for MLPartMgr, create_contraction_subg...
#include <cstdint>                 // for uint8_t
#include <gsl/span>                // for span
#include <memory>                  // for unique_ptr
#include <py2cpp/set.hpp>          // for set
#include <tuple>                   // for tuple
#include <vector>                  // for vector
#include "ckpttn/HierNetlist.hpp"  // for HierNetlist
#include "ckpttn/netlist.hpp"      // for SimpleNetlist
---

[ 20%] Building CXX object CMakeFiles/CkPttn.dir/source/PartMgrBase.cpp.o
Warning: include-what-you-use reported diagnostics:

/data/data/com.termux/files/home/github/ckpttn-cpp/source/PartMgrBase.cpp should add these lines:
#include <__tuple>                     // for tuple_element<>::type
#include <cstdint>                     // for uint8_t
#include <gsl/span>                    // for span
#include <py2cpp/range.hpp>            // for _iterator
#include <py2cpp/set.hpp>              // for set
#include <tuple>                       // for get
#include <vector>                      // for vector

/data/data/com.termux/files/home/github/ckpttn-cpp/source/PartMgrBase.cpp should remove these lines:

The full include-list for /data/data/com.termux/files/home/github/ckpttn-cpp/source/PartMgrBase.cpp:
#include <__tuple>                     // for tuple_element<>::type
#include <cassert>                     // for assert
#include <ckpttn/FMBiConstrMgr.hpp>    // for FMBiConstrMgr
#include <ckpttn/FMBiGainMgr.hpp>      // for FMBiGainMgr
#include <ckpttn/FMConstrMgr.hpp>      // for LegalCheck, LegalCheck::notsat...
#include <ckpttn/FMKWayConstrMgr.hpp>  // for FMKWayConstrMgr
#include <ckpttn/FMKWayGainMgr.hpp>    // for FMKWayGainMgr
#include <ckpttn/FMPartMgr.hpp>        // for FMPartMgr
#include <ckpttn/PartMgrBase.hpp>      // for PartMgrBase, part, SimpleNetlist
#include <ckpttn/netlist.hpp>          // for Netlist, MoveInfoV
#include <cstdint>                     // for uint8_t
#include <gsl/span>                    // for span
#include <py2cpp/range.hpp>            // for _iterator
#include <py2cpp/set.hpp>              // for set
#include <tuple>                       // for get
#include <vector>                      // for vector
---

[ 22%] Building CXX object CMakeFiles/CkPttn.dir/source/bpqueue.cpp.o
Warning: include-what-you-use reported diagnostics:

/data/data/com.termux/files/home/github/ckpttn-cpp/include/ckpttn/bpqueue.hpp should add these lines:
#include <stdint.h>     // for int32_t
#include <type_traits>  // for make_unsigned_t, is_integral, integral_consta...
#include <utility>      // for pair

/data/data/com.termux/files/home/github/ckpttn-cpp/include/ckpttn/bpqueue.hpp should remove these lines:
- #include <gsl/span>  // lines 4-4

The full include-list for /data/data/com.termux/files/home/github/ckpttn-cpp/include/ckpttn/bpqueue.hpp:
#include <stdint.h>     // for int32_t
#include <cassert>      // for assert
#include <type_traits>  // for make_unsigned_t, is_integral, integral_consta...
#include <utility>      // for pair
#include <vector>       // for vector, vector<>::value_type, vector<>::const...
#include "dllist.hpp"   // for dllink, dll_iterator
template <typename _Tp, typename Int> class bpq_iterator;  // lines 11-11
---

/data/data/com.termux/files/home/github/ckpttn-cpp/source/bpqueue.cpp should add these lines:
#include <cstdint>  // for int32_t

/data/data/com.termux/files/home/github/ckpttn-cpp/source/bpqueue.cpp should remove these lines:

The full include-list for /data/data/com.termux/files/home/github/ckpttn-cpp/source/bpqueue.cpp:
#include <ckpttn/bpqueue.hpp>
#include <cstdint>  // for int32_t
---

[ 24%] Building CXX object CMakeFiles/CkPttn.dir/source/min_cover.cpp.o
Warning: include-what-you-use reported diagnostics:

/data/data/com.termux/files/home/github/ckpttn-cpp/source/min_cover.cpp should add these lines:
#include <stdint.h>                    // for uint32_t
#include <__config>                    // for std
#include <__hash_table>                // for operator!=, __hash_const_iterator
#include <py2cpp/dict.hpp>             // for dict, dict<>::Base
#include <py2cpp/range.hpp>            // for _iterator, iterable_wrapper
#include <py2cpp/set.hpp>              // for set
#include <type_traits>                 // for move
#include <unordered_map>               // for __hash_map_iterator, operator!=
#include <utility>                     // for get
#include <xnetwork/classes/graph.hpp>  // for Graph, Graph<>::nodeview_t

/data/data/com.termux/files/home/github/ckpttn-cpp/source/min_cover.cpp should remove these lines:
- #include <ckpttn/bpqueue.hpp>  // lines 1-1
- #include <py2cpp/py2cpp.hpp>  // lines 5-5
- #include <tuple>  // lines 14-14

The full include-list for /data/data/com.termux/files/home/github/ckpttn-cpp/source/min_cover.cpp:
#include <stdint.h>                    // for uint32_t
#include <__config>                    // for std
#include <__hash_table>                // for operator!=, __hash_const_iterator
#include <ckpttn/HierNetlist.hpp>      // for SimpleHierNetlist, HierNetlist
#include <ckpttn/netlist.hpp>          // for SimpleNetlist, index_t, Netlist
#include <ckpttn/netlist_algo.hpp>     // for min_maximal_matching
#include <memory>                      // for unique_ptr, make_unique
#include <py2cpp/dict.hpp>             // for dict, dict<>::Base
#include <py2cpp/range.hpp>            // for _iterator, iterable_wrapper
#include <py2cpp/set.hpp>              // for set
#include <type_traits>                 // for move
#include <unordered_map>               // for __hash_map_iterator, operator!=
#include <utility>                     // for get
#include <vector>                      // for vector<>::iterator, vector
#include <xnetwork/classes/graph.hpp>  // for Graph, Graph<>::nodeview_t
---

[ 25%] Building CXX object CMakeFiles/CkPttn.dir/source/netlist.cpp.o
Warning: include-what-you-use reported diagnostics:

/data/data/com.termux/files/home/github/ckpttn-cpp/include/ckpttn/netlist.hpp should add these lines:
#include <stddef.h>                    // for size_t
#include <stdint.h>                    // for uint32_t, uint8_t
#include <py2cpp/dict.hpp>             // for dict
#include <py2cpp/range.hpp>            // for range, _iterator, iterable_wra...
#include <py2cpp/set.hpp>              // for set
#include <type_traits>                 // for move

/data/data/com.termux/files/home/github/ckpttn-cpp/include/ckpttn/netlist.hpp should remove these lines:
- #include <gsl/span>  // lines 5-5
- #include <iterator>  // lines 6-6
- #include <py2cpp/py2cpp.hpp>  // lines 7-7
- #include <utility>  // lines 8-8

The full include-list for /data/data/com.termux/files/home/github/ckpttn-cpp/include/ckpttn/netlist.hpp:
#include <stddef.h>                    // for size_t
#include <stdint.h>                    // for uint32_t, uint8_t
#include <py2cpp/dict.hpp>             // for dict
#include <py2cpp/range.hpp>            // for range, _iterator, iterable_wra...
#include <py2cpp/set.hpp>              // for set
#include <type_traits>                 // for move
#include <vector>                      // for vector
#include <xnetwork/classes/graph.hpp>  // for Graph, Graph<>::nodeview_t
---

(/data/data/com.termux/files/home/github/ckpttn-cpp/source/netlist.cpp has correct #includes/fwd-decls)

[ 27%] Building CXX object CMakeFiles/CkPttn.dir/source/readwrite.cpp.o
Warning: include-what-you-use reported diagnostics:

/data/data/com.termux/files/home/github/ckpttn-cpp/source/readwrite.cpp should add these lines:
#include <ctype.h>                     // for isspace, isdigit
#include <stdint.h>                    // for uint32_t
#include <stdlib.h>                    // for exit, size_t
#include <__config>                    // for std
#include <__hash_table>                // for __hash_const_iterator, operator!=
#include <py2cpp/range.hpp>            // for _iterator
#include <py2cpp/set.hpp>              // for set
#include <type_traits>                 // for move
#include <xnetwork/classes/graph.hpp>  // for Graph

/data/data/com.termux/files/home/github/ckpttn-cpp/source/readwrite.cpp should remove these lines:
- #include <climits>  // lines 2-2
- #include <utility>  // lines 7-7

The full include-list for /data/data/com.termux/files/home/github/ckpttn-cpp/source/readwrite.cpp:
#include <ctype.h>                     // for isspace, isdigit
#include <stdint.h>                    // for uint32_t
#include <stdlib.h>                    // for exit, size_t
#include <__config>                    // for std
#include <__hash_table>                // for __hash_const_iterator, operator!=
#include <ckpttn/netlist.hpp>          // for SimpleNetlist, index_t, Netlist
#include <fstream>                     // for operator<<, basic_ostream, cha...
#include <iostream>                    // for cerr
#include <py2cpp/range.hpp>            // for _iterator
#include <py2cpp/set.hpp>              // for set
#include <string_view>                 // for string_view
#include <type_traits>                 // for move
#include <vector>                      // for vector
#include <xnetwork/classes/graph.hpp>  // for Graph
---

[ 29%] Linking CXX static library libCkPttn.a
[ 29%] Built target CkPttn
[ 31%] Building CXX object _deps/cppcoro-build/lib/CMakeFiles/cppcoro.dir/async_auto_reset_event.cpp.o
Warning: include-what-you-use reported diagnostics:

/data/data/com.termux/files/home/github/ckpttn-cpp/build/_deps/cppcoro-src/include/cppcoro/async_auto_reset_event.hpp should add these lines:
#include <experimental/coroutine>  // for coroutine_handle

/data/data/com.termux/files/home/github/ckpttn-cpp/build/_deps/cppcoro-src/include/cppcoro/async_auto_reset_event.hpp should remove these lines:
- #include <cppcoro/coroutine.hpp>  // lines 8-8

The full include-list for /data/data/com.termux/files/home/github/ckpttn-cpp/build/_deps/cppcoro-src/include/cppcoro/async_auto_reset_event.hpp:
#include <atomic>                  // for atomic
#include <cstdint>                 // for uint64_t, uint32_t
#include <experimental/coroutine>  // for coroutine_handle
namespace cppcoro { class async_auto_reset_event_operation; }  // lines 14-14
---

(/data/data/com.termux/files/home/github/ckpttn-cpp/build/_deps/cppcoro-src/lib/async_auto_reset_event.cpp has correct #includes/fwd-decls)

[ 33%] Building CXX object _deps/cppcoro-build/lib/CMakeFiles/cppcoro.dir/async_manual_reset_event.cpp.o
Warning: include-what-you-use reported diagnostics:

/data/data/com.termux/files/home/github/ckpttn-cpp/build/_deps/cppcoro-src/include/cppcoro/async_manual_reset_event.hpp should add these lines:
#include <experimental/coroutine>  // for coroutine_handle

/data/data/com.termux/files/home/github/ckpttn-cpp/build/_deps/cppcoro-src/include/cppcoro/async_manual_reset_event.hpp should remove these lines:
- #include <cppcoro/coroutine.hpp>  // lines 8-8
- #include <cstdint>  // lines 10-10

The full include-list for /data/data/com.termux/files/home/github/ckpttn-cpp/build/_deps/cppcoro-src/include/cppcoro/async_manual_reset_event.hpp:
#include <atomic>                  // for atomic
#include <experimental/coroutine>  // for coroutine_handle
namespace cppcoro { class async_manual_reset_event_operation; }  // lines 14-14
---

/data/data/com.termux/files/home/github/ckpttn-cpp/build/_deps/cppcoro-src/lib/async_manual_reset_event.cpp should add these lines:

/data/data/com.termux/files/home/github/ckpttn-cpp/build/_deps/cppcoro-src/lib/async_manual_reset_event.cpp should remove these lines:
- #include <cppcoro/config.hpp>  // lines 8-8

The full include-list for /data/data/com.termux/files/home/github/ckpttn-cpp/build/_deps/cppcoro-src/lib/async_manual_reset_event.cpp:
#include <cppcoro/async_manual_reset_event.hpp>
#include <cassert>  // for assert
---

[ 35%] Building CXX object _deps/cppcoro-build/lib/CMakeFiles/cppcoro.dir/async_mutex.cpp.o
Warning: include-what-you-use reported diagnostics:

/data/data/com.termux/files/home/github/ckpttn-cpp/build/_deps/cppcoro-src/include/cppcoro/async_mutex.hpp should add these lines:
#include <__mutex_base>            // for adopt_lock, adopt_lock_t
#include <experimental/coroutine>  // for coroutine_handle

/data/data/com.termux/files/home/github/ckpttn-cpp/build/_deps/cppcoro-src/include/cppcoro/async_mutex.hpp should remove these lines:
- #include <cppcoro/coroutine.hpp>  // lines 8-8
- #include <mutex>  // lines 11-11
- namespace cppcoro { class async_mutex_lock; }  // lines 15-15

The full include-list for /data/data/com.termux/files/home/github/ckpttn-cpp/build/_deps/cppcoro-src/include/cppcoro/async_mutex.hpp:
#include <__mutex_base>            // for adopt_lock, adopt_lock_t
#include <atomic>                  // for atomic
#include <cstdint>                 // for uintptr_t
#include <experimental/coroutine>  // for coroutine_handle
namespace cppcoro { class async_mutex_lock_operation; }  // lines 16-16
namespace cppcoro { class async_mutex_scoped_lock_operation; }  // lines 17-17
---

(/data/data/com.termux/files/home/github/ckpttn-cpp/build/_deps/cppcoro-src/lib/async_mutex.cpp has correct #includes/fwd-decls)

[ 37%] Building CXX object _deps/cppcoro-build/lib/CMakeFiles/cppcoro.dir/cancellation_state.cpp.o
Warning: include-what-you-use reported diagnostics:

/data/data/com.termux/files/home/github/ckpttn-cpp/build/_deps/cppcoro-src/lib/cancellation_state.hpp should add these lines:
namespace cppcoro { class cancellation_registration; }

/data/data/com.termux/files/home/github/ckpttn-cpp/build/_deps/cppcoro-src/lib/cancellation_state.hpp should remove these lines:
- #include <cppcoro/cancellation_token.hpp>  // lines 8-8
- #include <thread>  // lines 10-10

The full include-list for /data/data/com.termux/files/home/github/ckpttn-cpp/build/_deps/cppcoro-src/lib/cancellation_state.hpp:
#include <atomic>   // for atomic
#include <cstdint>  // for uint64_t, UINT64_C
namespace cppcoro { class cancellation_registration; }
namespace cppcoro { namespace detail { struct cancellation_registration_state; } }  // lines 18-18
---

/data/data/com.termux/files/home/github/ckpttn-cpp/build/_deps/cppcoro-src/lib/cancellation_state.cpp should add these lines:
#include <__threading_support>                    // for get_id, operator!=
#include <exception>                              // for terminate
#include <functional>                             // for function
#include <new>                                    // for operator new, bad_a...
#include <thread>                                 // for thread, thread::id

/data/data/com.termux/files/home/github/ckpttn-cpp/build/_deps/cppcoro-src/lib/cancellation_state.cpp should remove these lines:

The full include-list for /data/data/com.termux/files/home/github/ckpttn-cpp/build/_deps/cppcoro-src/lib/cancellation_state.cpp:
#include "cancellation_state.hpp"
#include <__threading_support>                    // for get_id, operator!=
#include <cassert>                                // for assert
#include <cppcoro/cancellation_registration.hpp>  // for cancellation_regist...
#include <cstdlib>                                // for free, malloc, size_t
#include <exception>                              // for terminate
#include <functional>                             // for function
#include <new>                                    // for operator new, bad_a...
#include <thread>                                 // for thread, thread::id
#include "cppcoro/config.hpp"                     // for CPPCORO_ASSUME
---

[ 38%] Building CXX object _deps/cppcoro-build/lib/CMakeFiles/cppcoro.dir/cancellation_token.cpp.o
Warning: include-what-you-use reported diagnostics:

/data/data/com.termux/files/home/github/ckpttn-cpp/build/_deps/cppcoro-src/include/cppcoro/cancellation_token.hpp should add these lines:

/data/data/com.termux/files/home/github/ckpttn-cpp/build/_deps/cppcoro-src/include/cppcoro/cancellation_token.hpp should remove these lines:
- namespace cppcoro { class cancellation_registration; }  // lines 11-11
- namespace cppcoro { class cancellation_source; }  // lines 10-10

The full include-list for /data/data/com.termux/files/home/github/ckpttn-cpp/build/_deps/cppcoro-src/include/cppcoro/cancellation_token.hpp:
namespace cppcoro { namespace detail { class cancellation_state; } }  // lines 15-15
---

/data/data/com.termux/files/home/github/ckpttn-cpp/build/_deps/cppcoro-src/lib/cancellation_token.cpp should add these lines:
#include <type_traits>                      // for swap

/data/data/com.termux/files/home/github/ckpttn-cpp/build/_deps/cppcoro-src/lib/cancellation_token.cpp should remove these lines:
- #include <cassert>  // lines 12-12
- #include <utility>  // lines 11-11

The full include-list for /data/data/com.termux/files/home/github/ckpttn-cpp/build/_deps/cppcoro-src/lib/cancellation_token.cpp:
#include <cppcoro/cancellation_token.hpp>
#include <cppcoro/operation_cancelled.hpp>  // for operation_cancelled
#include <type_traits>                      // for swap
#include "cancellation_state.hpp"           // for cancellation_state
---

[ 40%] Building CXX object _deps/cppcoro-build/lib/CMakeFiles/cppcoro.dir/cancellation_source.cpp.o
Warning: include-what-you-use reported diagnostics:

(/data/data/com.termux/files/home/github/ckpttn-cpp/build/_deps/cppcoro-src/include/cppcoro/cancellation_source.hpp has correct #includes/fwd-decls)

/data/data/com.termux/files/home/github/ckpttn-cpp/build/_deps/cppcoro-src/lib/cancellation_source.cpp should add these lines:
#include "cppcoro/cancellation_token.hpp"  // for cancellation_token

/data/data/com.termux/files/home/github/ckpttn-cpp/build/_deps/cppcoro-src/lib/cancellation_source.cpp should remove these lines:
- #include <cassert>  // lines 10-10

The full include-list for /data/data/com.termux/files/home/github/ckpttn-cpp/build/_deps/cppcoro-src/lib/cancellation_source.cpp:
#include <cppcoro/cancellation_source.hpp>
#include "cancellation_state.hpp"          // for cancellation_state
#include "cppcoro/cancellation_token.hpp"  // for cancellation_token
---

[ 42%] Building CXX object _deps/cppcoro-build/lib/CMakeFiles/cppcoro.dir/cancellation_registration.cpp.o
Warning: include-what-you-use reported diagnostics:

/data/data/com.termux/files/home/github/ckpttn-cpp/build/_deps/cppcoro-src/include/cppcoro/cancellation_registration.hpp should add these lines:

/data/data/com.termux/files/home/github/ckpttn-cpp/build/_deps/cppcoro-src/include/cppcoro/cancellation_registration.hpp should remove these lines:
- #include <atomic>  // lines 13-13
- #include <utility>  // lines 11-11

The full include-list for /data/data/com.termux/files/home/github/ckpttn-cpp/build/_deps/cppcoro-src/include/cppcoro/cancellation_registration.hpp:
#include <cppcoro/cancellation_token.hpp>  // for cancellation_token
#include <cstdint>                         // for uint32_t
#include <functional>                      // for function
#include <type_traits>                     // for move, enable_if_t, forward
namespace cppcoro { namespace detail { class cancellation_state; } }  // lines 20-20
namespace cppcoro { namespace detail { struct cancellation_registration_list_chunk; } }  // lines 21-21
namespace cppcoro { namespace detail { struct cancellation_registration_state; } }  // lines 22-22
---

/data/data/com.termux/files/home/github/ckpttn-cpp/build/_deps/cppcoro-src/lib/cancellation_registration.cpp should add these lines:
#include "cppcoro/cancellation_token.hpp"  // for cancellation_token

/data/data/com.termux/files/home/github/ckpttn-cpp/build/_deps/cppcoro-src/lib/cancellation_registration.cpp should remove these lines:
- #include <cassert>  // lines 10-10

The full include-list for /data/data/com.termux/files/home/github/ckpttn-cpp/build/_deps/cppcoro-src/lib/cancellation_registration.cpp:
#include <cppcoro/cancellation_registration.hpp>
#include "cancellation_state.hpp"          // for cancellation_state
#include "cppcoro/cancellation_token.hpp"  // for cancellation_token
---

[ 44%] Building CXX object _deps/cppcoro-build/lib/CMakeFiles/cppcoro.dir/lightweight_manual_reset_event.cpp.o
Warning: include-what-you-use reported diagnostics:

/data/data/com.termux/files/home/github/ckpttn-cpp/build/_deps/cppcoro-src/include/cppcoro/detail/lightweight_manual_reset_event.hpp should add these lines:

/data/data/com.termux/files/home/github/ckpttn-cpp/build/_deps/cppcoro-src/include/cppcoro/detail/lightweight_manual_reset_event.hpp should remove these lines:
- #include <cstdint>  // lines 12-12

The full include-list for /data/data/com.termux/files/home/github/ckpttn-cpp/build/_deps/cppcoro-src/include/cppcoro/detail/lightweight_manual_reset_event.hpp:
#include <atomic>              // for atomic
#include <cppcoro/config.hpp>  // for CPPCORO_OS_LINUX, CPPCORO_OS_WINNT
---

/data/data/com.termux/files/home/github/ckpttn-cpp/build/_deps/cppcoro-src/lib/lightweight_manual_reset_event.cpp should add these lines:
#include <bits/glibc-syscalls.h>  // for SYS_futex
#include "cppcoro/config.hpp"     // for CPPCORO_OS_LINUX, CPPCORO_OS_WINNT

/data/data/com.termux/files/home/github/ckpttn-cpp/build/_deps/cppcoro-src/lib/lightweight_manual_reset_event.cpp should remove these lines:
- #include <sys/syscall.h>  // lines 110-110
- #include <sys/time.h>  // lines 111-111
- #include <system_error>  // lines 8-8

The full include-list for /data/data/com.termux/files/home/github/ckpttn-cpp/build/_deps/cppcoro-src/lib/lightweight_manual_reset_event.cpp:
#include <cppcoro/detail/lightweight_manual_reset_event.hpp>
#include <bits/glibc-syscalls.h>  // for SYS_futex
#include <linux/futex.h>          // for FUTEX_WAIT_PRIVATE, FUTEX_WAKE_PRIVATE
#include <unistd.h>               // for syscall
#include <cassert>                // for assert
#include <cerrno>                 // for EAGAIN, errno
#include <climits>                // for INT_MAX
#include "cppcoro/config.hpp"     // for CPPCORO_OS_LINUX, CPPCORO_OS_WINNT
---

[ 46%] Building CXX object _deps/cppcoro-build/lib/CMakeFiles/cppcoro.dir/ip_address.cpp.o
Warning: include-what-you-use reported diagnostics:

/data/data/com.termux/files/home/github/ckpttn-cpp/build/_deps/cppcoro-src/include/cppcoro/net/ip_address.hpp should add these lines:
#include <stdint.h>                      // for uint8_t
#include <iosfwd>                        // for string
#include <string_view>                   // for string_view

/data/data/com.termux/files/home/github/ckpttn-cpp/build/_deps/cppcoro-src/include/cppcoro/net/ip_address.hpp should remove these lines:
- #include <string>  // lines 13-13

The full include-list for /data/data/com.termux/files/home/github/ckpttn-cpp/build/_deps/cppcoro-src/include/cppcoro/net/ip_address.hpp:
#include <stdint.h>                      // for uint8_t
#include <cassert>                       // for assert
#include <cppcoro/net/ipv4_address.hpp>  // for ipv4_address
#include <cppcoro/net/ipv6_address.hpp>  // for ipv6_address
#include <iosfwd>                        // for string
#include <optional>                      // for optional
#include <string_view>                   // for string_view
---

/data/data/com.termux/files/home/github/ckpttn-cpp/build/_deps/cppcoro-src/lib/ip_address.cpp should add these lines:
#include <string>                        // for basic_string
#include "cppcoro/net/ipv4_address.hpp"  // for ipv4_address
#include "cppcoro/net/ipv6_address.hpp"  // for ipv6_address

/data/data/com.termux/files/home/github/ckpttn-cpp/build/_deps/cppcoro-src/lib/ip_address.cpp should remove these lines:

The full include-list for /data/data/com.termux/files/home/github/ckpttn-cpp/build/_deps/cppcoro-src/lib/ip_address.cpp:
#include <cppcoro/net/ip_address.hpp>
#include <string>                        // for basic_string
#include "cppcoro/net/ipv4_address.hpp"  // for ipv4_address
#include "cppcoro/net/ipv6_address.hpp"  // for ipv6_address
---

[ 48%] Building CXX object _deps/cppcoro-build/lib/CMakeFiles/cppcoro.dir/ip_endpoint.cpp.o
Warning: include-what-you-use reported diagnostics:

/data/data/com.termux/files/home/github/ckpttn-cpp/build/_deps/cppcoro-src/include/cppcoro/net/ip_endpoint.hpp should add these lines:
#include <stdint.h>                       // for uint16_t
#include <iosfwd>                         // for string
#include <string_view>                    // for string_view

/data/data/com.termux/files/home/github/ckpttn-cpp/build/_deps/cppcoro-src/include/cppcoro/net/ip_endpoint.hpp should remove these lines:
- #include <string>  // lines 14-14

The full include-list for /data/data/com.termux/files/home/github/ckpttn-cpp/build/_deps/cppcoro-src/include/cppcoro/net/ip_endpoint.hpp:
#include <stdint.h>                       // for uint16_t
#include <cassert>                        // for assert
#include <cppcoro/net/ip_address.hpp>     // for ip_address
#include <cppcoro/net/ipv4_endpoint.hpp>  // for ipv4_endpoint, operator<
#include <cppcoro/net/ipv6_endpoint.hpp>  // for ipv6_endpoint, operator<
#include <iosfwd>                         // for string
#include <optional>                       // for optional
#include <string_view>                    // for string_view
---

/data/data/com.termux/files/home/github/ckpttn-cpp/build/_deps/cppcoro-src/lib/ip_endpoint.cpp should add these lines:
#include <string>                         // for basic_string
#include "cppcoro/net/ipv4_endpoint.hpp"  // for ipv4_endpoint
#include "cppcoro/net/ipv6_endpoint.hpp"  // for ipv6_endpoint

/data/data/com.termux/files/home/github/ckpttn-cpp/build/_deps/cppcoro-src/lib/ip_endpoint.cpp should remove these lines:

The full include-list for /data/data/com.termux/files/home/github/ckpttn-cpp/build/_deps/cppcoro-src/lib/ip_endpoint.cpp:
#include <cppcoro/net/ip_endpoint.hpp>
#include <string>                         // for basic_string
#include "cppcoro/net/ipv4_endpoint.hpp"  // for ipv4_endpoint
#include "cppcoro/net/ipv6_endpoint.hpp"  // for ipv6_endpoint
---

[ 50%] Building CXX object _deps/cppcoro-build/lib/CMakeFiles/cppcoro.dir/ipv4_address.cpp.o
Warning: include-what-you-use reported diagnostics:

/data/data/com.termux/files/home/github/ckpttn-cpp/build/_deps/cppcoro-src/include/cppcoro/net/ipv4_address.hpp should add these lines:
#include <iosfwd>       // for string

/data/data/com.termux/files/home/github/ckpttn-cpp/build/_deps/cppcoro-src/include/cppcoro/net/ipv4_address.hpp should remove these lines:
- #include <string>  // lines 10-10

The full include-list for /data/data/com.termux/files/home/github/ckpttn-cpp/build/_deps/cppcoro-src/include/cppcoro/net/ipv4_address.hpp:
#include <cstdint>      // for uint8_t, uint32_t
#include <iosfwd>       // for string
#include <optional>     // for optional
#include <string_view>  // for string_view
---

/data/data/com.termux/files/home/github/ckpttn-cpp/build/_deps/cppcoro-src/lib/ipv4_address.cpp should add these lines:
#include <stddef.h>  // for size_t
#include <string>    // for basic_string

/data/data/com.termux/files/home/github/ckpttn-cpp/build/_deps/cppcoro-src/lib/ipv4_address.cpp should remove these lines:

The full include-list for /data/data/com.termux/files/home/github/ckpttn-cpp/build/_deps/cppcoro-src/lib/ipv4_address.cpp:
#include <cppcoro/net/ipv4_address.hpp>
#include <stddef.h>  // for size_t
#include <string>    // for basic_string
---

[ 51%] Building CXX object _deps/cppcoro-build/lib/CMakeFiles/cppcoro.dir/ipv4_endpoint.cpp.o
Warning: include-what-you-use reported diagnostics:

/data/data/com.termux/files/home/github/ckpttn-cpp/build/_deps/cppcoro-src/include/cppcoro/net/ipv4_endpoint.hpp should add these lines:
#include <stdint.h>                      // for uint16_t
#include <iosfwd>                        // for string

/data/data/com.termux/files/home/github/ckpttn-cpp/build/_deps/cppcoro-src/include/cppcoro/net/ipv4_endpoint.hpp should remove these lines:
- #include <string>  // lines 11-11

The full include-list for /data/data/com.termux/files/home/github/ckpttn-cpp/build/_deps/cppcoro-src/include/cppcoro/net/ipv4_endpoint.hpp:
#include <stdint.h>                      // for uint16_t
#include <cppcoro/net/ipv4_address.hpp>  // for ipv4_address
#include <iosfwd>                        // for string
#include <optional>                      // for optional
#include <string_view>                   // for string_view
---

/data/data/com.termux/files/home/github/ckpttn-cpp/build/_deps/cppcoro-src/lib/ipv4_endpoint.cpp should add these lines:
#include <cstdint>                       // for uint16_t, uint8_t, uint32_t
#include <string>                        // for basic_string, to_string
#include "cppcoro/net/ipv4_address.hpp"  // for ipv4_address

/data/data/com.termux/files/home/github/ckpttn-cpp/build/_deps/cppcoro-src/lib/ipv4_endpoint.cpp should remove these lines:
- #include <algorithm>  // lines 8-8

The full include-list for /data/data/com.termux/files/home/github/ckpttn-cpp/build/_deps/cppcoro-src/lib/ipv4_endpoint.cpp:
#include <cppcoro/net/ipv4_endpoint.hpp>
#include <cstdint>                       // for uint16_t, uint8_t, uint32_t
#include <string>                        // for basic_string, to_string
#include "cppcoro/net/ipv4_address.hpp"  // for ipv4_address
---

[ 53%] Building CXX object _deps/cppcoro-build/lib/CMakeFiles/cppcoro.dir/ipv6_address.cpp.o
Warning: include-what-you-use reported diagnostics:

/data/data/com.termux/files/home/github/ckpttn-cpp/build/_deps/cppcoro-src/include/cppcoro/net/ipv6_address.hpp should add these lines:
#include <iosfwd>       // for string

/data/data/com.termux/files/home/github/ckpttn-cpp/build/_deps/cppcoro-src/include/cppcoro/net/ipv6_address.hpp should remove these lines:
- #include <string>  // lines 10-10
- namespace cppcoro { namespace net { class ipv4_address; } }  // lines 15-15

The full include-list for /data/data/com.termux/files/home/github/ckpttn-cpp/build/_deps/cppcoro-src/include/cppcoro/net/ipv6_address.hpp:
#include <cstdint>      // for uint8_t, uint16_t, uint64_t
#include <iosfwd>       // for string
#include <optional>     // for optional
#include <string_view>  // for string_view
---

/data/data/com.termux/files/home/github/ckpttn-cpp/build/_deps/cppcoro-src/lib/ipv6_address.cpp should add these lines:
#include <stddef.h>  // for size_t
#include <string>    // for basic_string

/data/data/com.termux/files/home/github/ckpttn-cpp/build/_deps/cppcoro-src/lib/ipv6_address.cpp should remove these lines:
- #include <cppcoro/config.hpp>  // lines 7-7

The full include-list for /data/data/com.termux/files/home/github/ckpttn-cpp/build/_deps/cppcoro-src/lib/ipv6_address.cpp:
#include <cppcoro/net/ipv6_address.hpp>
#include <stddef.h>  // for size_t
#include <cassert>   // for assert
#include <string>    // for basic_string
---

[ 55%] Building CXX object _deps/cppcoro-build/lib/CMakeFiles/cppcoro.dir/ipv6_endpoint.cpp.o
Warning: include-what-you-use reported diagnostics:

/data/data/com.termux/files/home/github/ckpttn-cpp/build/_deps/cppcoro-src/include/cppcoro/net/ipv6_endpoint.hpp should add these lines:
#include <stdint.h>                      // for uint16_t
#include <iosfwd>                        // for string

/data/data/com.termux/files/home/github/ckpttn-cpp/build/_deps/cppcoro-src/include/cppcoro/net/ipv6_endpoint.hpp should remove these lines:
- #include <string>  // lines 11-11

The full include-list for /data/data/com.termux/files/home/github/ckpttn-cpp/build/_deps/cppcoro-src/include/cppcoro/net/ipv6_endpoint.hpp:
#include <stdint.h>                      // for uint16_t
#include <cppcoro/net/ipv6_address.hpp>  // for ipv6_address
#include <iosfwd>                        // for string
#include <optional>                      // for optional
#include <string_view>                   // for string_view
---

/data/data/com.termux/files/home/github/ckpttn-cpp/build/_deps/cppcoro-src/lib/ipv6_endpoint.cpp should add these lines:
#include <cstdint>                       // for uint16_t, uint8_t, uint32_t
#include <string>                        // for basic_string, to_string
#include "cppcoro/net/ipv6_address.hpp"  // for ipv6_address

/data/data/com.termux/files/home/github/ckpttn-cpp/build/_deps/cppcoro-src/lib/ipv6_endpoint.cpp should remove these lines:
- #include <algorithm>  // lines 8-8

The full include-list for /data/data/com.termux/files/home/github/ckpttn-cpp/build/_deps/cppcoro-src/lib/ipv6_endpoint.cpp:
#include <cppcoro/net/ipv6_endpoint.hpp>
#include <cstdint>                       // for uint16_t, uint8_t, uint32_t
#include <string>                        // for basic_string, to_string
#include "cppcoro/net/ipv6_address.hpp"  // for ipv6_address
---

[ 57%] Building CXX object _deps/cppcoro-build/lib/CMakeFiles/cppcoro.dir/static_thread_pool.cpp.o
Warning: include-what-you-use reported diagnostics:

/data/data/com.termux/files/home/github/ckpttn-cpp/build/_deps/cppcoro-src/include/cppcoro/static_thread_pool.hpp should add these lines:
#include <__mutex_base>            // for mutex
#include <experimental/coroutine>  // for coroutine_handle

/data/data/com.termux/files/home/github/ckpttn-cpp/build/_deps/cppcoro-src/include/cppcoro/static_thread_pool.hpp should remove these lines:
- #include <cppcoro/coroutine.hpp>  // lines 14-14
- #include <mutex>  // lines 13-13

The full include-list for /data/data/com.termux/files/home/github/ckpttn-cpp/build/_deps/cppcoro-src/include/cppcoro/static_thread_pool.hpp:
#include <__mutex_base>            // for mutex
#include <atomic>                  // for atomic
#include <cstdint>                 // for uint32_t
#include <experimental/coroutine>  // for coroutine_handle
#include <memory>                  // for unique_ptr
#include <thread>                  // for thread
#include <vector>                  // for vector
namespace cppcoro { class static_thread_pool::thread_state; }  // lines 92-92
---

/data/data/com.termux/files/home/github/ckpttn-cpp/build/_deps/cppcoro-src/lib/static_thread_pool.cpp should add these lines:
#include <cstddef>               // for size_t
#include <exception>             // for terminate
#include <new>                   // for nothrow
#include <type_traits>           // for move, make_signed_t
#include <utility>               // for exchange
#include "cppcoro/config.hpp"    // for CPPCORO_COMPILER_MSVC

/data/data/com.termux/files/home/github/ckpttn-cpp/build/_deps/cppcoro-src/lib/static_thread_pool.cpp should remove these lines:

The full include-list for /data/data/com.termux/files/home/github/ckpttn-cpp/build/_deps/cppcoro-src/lib/static_thread_pool.cpp:
#include <cppcoro/static_thread_pool.hpp>
#include <cassert>               // for assert
#include <chrono>                // for operator""ms, chrono_literals
#include <cstddef>               // for size_t
#include <exception>             // for terminate
#include <mutex>                 // for scoped_lock
#include <new>                   // for nothrow
#include <type_traits>           // for move, make_signed_t
#include <utility>               // for exchange
#include "auto_reset_event.hpp"  // for auto_reset_event
#include "cppcoro/config.hpp"    // for CPPCORO_COMPILER_MSVC
#include "spin_mutex.hpp"        // for spin_mutex
#include "spin_wait.hpp"         // for spin_wait
---

[ 59%] Building CXX object _deps/cppcoro-build/lib/CMakeFiles/cppcoro.dir/auto_reset_event.cpp.o
Warning: include-what-you-use reported diagnostics:

/data/data/com.termux/files/home/github/ckpttn-cpp/build/_deps/cppcoro-src/lib/auto_reset_event.hpp should add these lines:
#include <__mutex_base>        // for condition_variable, mutex

/data/data/com.termux/files/home/github/ckpttn-cpp/build/_deps/cppcoro-src/lib/auto_reset_event.hpp should remove these lines:
- #include <condition_variable>  // lines 14-14
- #include <mutex>  // lines 13-13

The full include-list for /data/data/com.termux/files/home/github/ckpttn-cpp/build/_deps/cppcoro-src/lib/auto_reset_event.hpp:
#include <__mutex_base>        // for condition_variable, mutex
#include <cppcoro/config.hpp>  // for CPPCORO_OS_WINNT
---

/data/data/com.termux/files/home/github/ckpttn-cpp/build/_deps/cppcoro-src/lib/auto_reset_event.cpp should add these lines:
#include "cppcoro/config.hpp"  // for CPPCORO_OS_WINNT

/data/data/com.termux/files/home/github/ckpttn-cpp/build/_deps/cppcoro-src/lib/auto_reset_event.cpp should remove these lines:

The full include-list for /data/data/com.termux/files/home/github/ckpttn-cpp/build/_deps/cppcoro-src/lib/auto_reset_event.cpp:
#include "auto_reset_event.hpp"
#include "cppcoro/config.hpp"  // for CPPCORO_OS_WINNT
---

[ 61%] Building CXX object _deps/cppcoro-build/lib/CMakeFiles/cppcoro.dir/spin_wait.cpp.o
[ 62%] Building CXX object _deps/cppcoro-build/lib/CMakeFiles/cppcoro.dir/spin_mutex.cpp.o
[ 64%] Linking CXX static library libcppcoro.a
[ 64%] Built target cppcoro
[ 66%] Building CXX object test/CMakeFiles/CkPttnTests.dir/source/main.cpp.o
[ 68%] Building CXX object test/CMakeFiles/CkPttnTests.dir/source/test_FMBiGainMgr.cpp.o
Warning: include-what-you-use reported diagnostics:

/data/data/com.termux/files/home/github/ckpttn-cpp/test/source/test_FMBiGainMgr.cpp should add these lines:
#include <__config>                // for std
#include <__tuple>                 // for tuple_element<>::type
#include <cstdint>                 // for uint8_t
#include <gsl/span>                // for span
#include <vector>                  // for vector

/data/data/com.termux/files/home/github/ckpttn-cpp/test/source/test_FMBiGainMgr.cpp should remove these lines:

The full include-list for /data/data/com.termux/files/home/github/ckpttn-cpp/test/source/test_FMBiGainMgr.cpp:
#include <doctest/doctest.h>       // for TestCase, TEST_CASE
#include <__config>                // for std
#include <__tuple>                 // for tuple_element<>::type
#include <ckpttn/FMBiGainMgr.hpp>  // for FMBiGainMgr
#include <ckpttn/netlist.hpp>      // for SimpleNetlist
#include <cstdint>                 // for uint8_t
#include <gsl/span>                // for span
#include <vector>                  // for vector
---

[ 70%] Building CXX object test/CMakeFiles/CkPttnTests.dir/source/test_FMBiPartMgr.cpp.o
Warning: include-what-you-use reported diagnostics:

/data/data/com.termux/files/home/github/ckpttn-cpp/test/source/test_FMBiPartMgr.cpp should add these lines:
#include <__config>                  // for std
#include <cstdint>                   // for uint8_t
#include <vector>                    // for vector
#include "ckpttn/PartMgrBase.hpp"    // for SimpleNetlist
#include "ckpttn/netlist.hpp"        // for Netlist

/data/data/com.termux/files/home/github/ckpttn-cpp/test/source/test_FMBiPartMgr.cpp should remove these lines:

The full include-list for /data/data/com.termux/files/home/github/ckpttn-cpp/test/source/test_FMBiPartMgr.cpp:
#include <doctest/doctest.h>         // for ResultBuilder, TestCase, CHECK
#include <__config>                  // for std
#include <ckpttn/FMBiConstrMgr.hpp>  // for FMBiConstrMgr
#include <ckpttn/FMBiGainMgr.hpp>    // for FMBiGainMgr
#include <ckpttn/FMPartMgr.hpp>      // for FMPartMgr
#include <cstdint>                   // for uint8_t
#include <string_view>               // for string_view
#include <vector>                    // for vector
#include "ckpttn/PartMgrBase.hpp"    // for SimpleNetlist
#include "ckpttn/netlist.hpp"        // for Netlist
---

[ 72%] Building CXX object test/CMakeFiles/CkPttnTests.dir/source/test_FMKWayPartMgr.cpp.o
Warning: include-what-you-use reported diagnostics:

/data/data/com.termux/files/home/github/ckpttn-cpp/test/source/test_FMKWayPartMgr.cpp should add these lines:
#include <__config>                    // for std
#include <cstdint>                     // for uint8_t
#include <vector>                      // for vector
#include "ckpttn/PartMgrBase.hpp"      // for SimpleNetlist
#include "ckpttn/netlist.hpp"          // for Netlist

/data/data/com.termux/files/home/github/ckpttn-cpp/test/source/test_FMKWayPartMgr.cpp should remove these lines:

The full include-list for /data/data/com.termux/files/home/github/ckpttn-cpp/test/source/test_FMKWayPartMgr.cpp:
#include <doctest/doctest.h>           // for ResultBuilder, TestCase, CHECK
#include <__config>                    // for std
#include <ckpttn/FMKWayConstrMgr.hpp>  // for FMKWayConstrMgr
#include <ckpttn/FMKWayGainMgr.hpp>    // for FMKWayGainMgr
#include <ckpttn/FMPartMgr.hpp>        // for FMPartMgr
#include <cstdint>                     // for uint8_t
#include <string_view>                 // for string_view
#include <vector>                      // for vector
#include "ckpttn/PartMgrBase.hpp"      // for SimpleNetlist
#include "ckpttn/netlist.hpp"          // for Netlist
---

[ 74%] Building CXX object test/CMakeFiles/CkPttnTests.dir/source/test_MLPartMgr.cpp.o
Warning: include-what-you-use reported diagnostics:

/data/data/com.termux/files/home/github/ckpttn-cpp/test/source/test_MLPartMgr.cpp should add these lines:
#include <__config>                // for std
#include <cstdint>                 // for uint8_t
#include <ratio>                   // for ratio
#include <vector>                  // for vector
#include "ckpttn/PartMgrBase.hpp"  // for SimpleNetlist
#include "ckpttn/netlist.hpp"      // for Netlist
class FMBiConstrMgr;
class FMBiGainMgr;
class FMKWayConstrMgr;
class FMKWayGainMgr;
template <typename GainMgr, typename ConstrMgr> class FMPartMgr;

/data/data/com.termux/files/home/github/ckpttn-cpp/test/source/test_MLPartMgr.cpp should remove these lines:
- #include <ckpttn/FMBiConstrMgr.hpp>  // lines 4-4
- #include <ckpttn/FMBiGainMgr.hpp>  // lines 5-5
- #include <ckpttn/FMKWayConstrMgr.hpp>  // lines 6-6
- #include <ckpttn/FMKWayGainMgr.hpp>  // lines 7-7
- #include <ckpttn/FMPartMgr.hpp>  // lines 8-8

The full include-list for /data/data/com.termux/files/home/github/ckpttn-cpp/test/source/test_MLPartMgr.cpp:
#include <doctest/doctest.h>       // for ResultBuilder, TestCase, CHECK
#include <__config>                // for std
#include <chrono>                  // for duration, operator-, steady_clock
#include <ckpttn/MLPartMgr.hpp>    // for MLPartMgr
#include <cstdint>                 // for uint8_t
#include <iostream>                // for operator<<, basic_ostream, endl, cout
#include <ratio>                   // for ratio
#include <string_view>             // for string_view
#include <vector>                  // for vector
#include "ckpttn/PartMgrBase.hpp"  // for SimpleNetlist
#include "ckpttn/netlist.hpp"      // for Netlist
class FMBiConstrMgr;
class FMBiGainMgr;
class FMKWayConstrMgr;
class FMKWayGainMgr;
template <typename GainMgr, typename ConstrMgr> class FMPartMgr;
---

[ 75%] Building CXX object test/CMakeFiles/CkPttnTests.dir/source/test_bpqueue.cpp.o
Warning: include-what-you-use reported diagnostics:

/data/data/com.termux/files/home/github/ckpttn-cpp/test/source/test_bpqueue.cpp should add these lines:
#include <__config>            // for std
#include <cstdint>             // for int32_t, uint32_t
#include <utility>             // for pair
#include <vector>              // for vector

/data/data/com.termux/files/home/github/ckpttn-cpp/test/source/test_bpqueue.cpp should remove these lines:
- #include <gsl/span>  // lines 5-5

The full include-list for /data/data/com.termux/files/home/github/ckpttn-cpp/test/source/test_bpqueue.cpp:
#include <doctest/doctest.h>   // for ResultBuilder, CHECK, Expression_lhs
#include <__config>            // for std
#include <ckpttn/bpqueue.hpp>  // for bpqueue
#include <ckpttn/dllist.hpp>   // for dllink
#include <cstdint>             // for int32_t, uint32_t
#include <utility>             // for pair
#include <vector>              // for vector
---

[ 77%] Building CXX object test/CMakeFiles/CkPttnTests.dir/source/test_dllist.cpp.o
Warning: include-what-you-use reported diagnostics:

/data/data/com.termux/files/home/github/ckpttn-cpp/test/source/test_dllist.cpp should add these lines:
#include <__config>                        // for std
#include <boost/container/pmr/vector.hpp>  // for vector
#include <boost/container/vector.hpp>      // for operator!=
#include <utility>                         // for pair

/data/data/com.termux/files/home/github/ckpttn-cpp/test/source/test_dllist.cpp should remove these lines:

The full include-list for /data/data/com.termux/files/home/github/ckpttn-cpp/test/source/test_dllist.cpp:
#include <doctest/doctest.h>               // for ResultBuilder, CHECK, Expr...
#include <__config>                        // for std
#include <boost/container/pmr/vector.hpp>  // for vector
#include <boost/container/vector.hpp>      // for operator!=
#include <cinttypes>                       // for uint8_t
#include <ckpttn/dllist.hpp>               // for dllink, dll_iterator, oper...
#include <ckpttn/robin.hpp>                // for robin, robin<>::iterable_w...
#include <utility>                         // for pair
---

[ 79%] Building CXX object test/CMakeFiles/CkPttnTests.dir/source/test_graph.cpp.o
Warning: include-what-you-use reported diagnostics:

/data/data/com.termux/files/home/github/ckpttn-cpp/test/source/test_graph.cpp should add these lines:
#include <__hash_table>                // for __hash_const_iterator, operator!=
#include <py2cpp/range.hpp>            // for _iterator
#include <py2cpp/set.hpp>              // for set

/data/data/com.termux/files/home/github/ckpttn-cpp/test/source/test_graph.cpp should remove these lines:
- #include <cinttypes>  // lines 4-4
- #include <py2cpp/py2cpp.hpp>  // lines 5-5

The full include-list for /data/data/com.termux/files/home/github/ckpttn-cpp/test/source/test_graph.cpp:
#include <doctest/doctest.h>           // for ResultBuilder, CHECK, TestCase
#include <__hash_table>                // for __hash_const_iterator, operator!=
#include <py2cpp/range.hpp>            // for _iterator
#include <py2cpp/set.hpp>              // for set
#include <xnetwork/classes/graph.hpp>  // for Graph, SimpleGraph
---

[ 81%] Building CXX object test/CMakeFiles/CkPttnTests.dir/source/test_min_cover.cpp.o
Warning: include-what-you-use reported diagnostics:

/data/data/com.termux/files/home/github/ckpttn-cpp/test/source/test_min_cover.cpp should add these lines:
#include <__config>                // for std
#include <cstdint>                 // for uint8_t
#include <py2cpp/set.hpp>          // for set
#include <vector>                  // for vector, operator==

/data/data/com.termux/files/home/github/ckpttn-cpp/test/source/test_min_cover.cpp should remove these lines:
- #include <ckpttn/netlist_algo.hpp>  // lines 5-5
- #include <py2cpp/py2cpp.hpp>  // lines 7-7

The full include-list for /data/data/com.termux/files/home/github/ckpttn-cpp/test/source/test_min_cover.cpp:
#include <doctest/doctest.h>       // for ResultBuilder, CHECK, TestCase
#include <__config>                // for std
#include <ckpttn/HierNetlist.hpp>  // for HierNetlist, SimpleHierNetlist
#include <ckpttn/netlist.hpp>      // for Netlist, SimpleNetlist
#include <cstdint>                 // for uint8_t
#include <memory>                  // for unique_ptr
#include <py2cpp/set.hpp>          // for set
#include <string_view>             // for string_view
#include <vector>                  // for vector, operator==
---

[ 83%] Building CXX object test/CMakeFiles/CkPttnTests.dir/source/test_netlist.cpp.o
Warning: include-what-you-use reported diagnostics:

/data/data/com.termux/files/home/github/ckpttn-cpp/test/source/test_netlist.cpp should add these lines:
#include <__config>                    // for std
#include <cstdint>                     // for uint32_t
#include <type_traits>                 // for move
#include <xnetwork/classes/graph.hpp>  // for SimpleGraph, Graph

/data/data/com.termux/files/home/github/ckpttn-cpp/test/source/test_netlist.cpp should remove these lines:

The full include-list for /data/data/com.termux/files/home/github/ckpttn-cpp/test/source/test_netlist.cpp:
#include <doctest/doctest.h>           // for ResultBuilder, CHECK, TestCase
#include <__config>                    // for std
#include <ckpttn/netlist.hpp>          // for Netlist, SimpleNetlist, graph_t
#include <cstdint>                     // for uint32_t
#include <type_traits>                 // for move
#include <utility>                     // for pair
#include <vector>                      // for vector
#include <xnetwork/classes/graph.hpp>  // for SimpleGraph, Graph
---

[ 85%] Building CXX object test/CMakeFiles/CkPttnTests.dir/source/test_netlist_algo.cpp.o
Warning: include-what-you-use reported diagnostics:

/data/data/com.termux/files/home/github/ckpttn-cpp/test/source/test_netlist_algo.cpp should add these lines:
#include <__config>                 // for std
#include <__hash_table>             // for operator!=
#include <py2cpp/dict.hpp>          // for dict
#include <py2cpp/range.hpp>         // for _iterator, iterable_wrapper
#include <py2cpp/set.hpp>           // for set

/data/data/com.termux/files/home/github/ckpttn-cpp/test/source/test_netlist_algo.cpp should remove these lines:
- #include <py2cpp/py2cpp.hpp>  // lines 6-6

The full include-list for /data/data/com.termux/files/home/github/ckpttn-cpp/test/source/test_netlist_algo.cpp:
#include <doctest/doctest.h>        // for TestCase, TEST_CASE
#include <__config>                 // for std
#include <__hash_table>             // for operator!=
#include <ckpttn/netlist.hpp>       // for Netlist, Netlist<>::nodeview_t
#include <ckpttn/netlist_algo.hpp>  // for min_maximal_matching, min_vertex_...
#include <py2cpp/dict.hpp>          // for dict
#include <py2cpp/range.hpp>         // for _iterator, iterable_wrapper
#include <py2cpp/set.hpp>           // for set
#include <string_view>              // for string_view
---

[ 87%] Building CXX object test/CMakeFiles/CkPttnTests.dir/source/test_readwrite.cpp.o
Warning: include-what-you-use reported diagnostics:

/data/data/com.termux/files/home/github/ckpttn-cpp/test/source/test_readwrite.cpp should add these lines:
#include <__config>            // for std

/data/data/com.termux/files/home/github/ckpttn-cpp/test/source/test_readwrite.cpp should remove these lines:

The full include-list for /data/data/com.termux/files/home/github/ckpttn-cpp/test/source/test_readwrite.cpp:
#include <doctest/doctest.h>   // for ResultBuilder, CHECK, TestCase, TEST_CASE
#include <__config>            // for std
#include <ckpttn/netlist.hpp>  // for Netlist, SimpleNetlist
#include <string_view>         // for string_view
---

[ 88%] Linking CXX executable CkPttnTests
[ 88%] Built target CkPttnTests
[ 90%] Building CXX object standalone/CMakeFiles/CkPttnStandalone.dir/source/main.cpp.o
Warning: include-what-you-use reported diagnostics:

/data/data/com.termux/files/home/github/ckpttn-cpp/standalone/source/main.cpp should add these lines:
#include <memory>            // for shared_ptr

/data/data/com.termux/files/home/github/ckpttn-cpp/standalone/source/main.cpp should remove these lines:

The full include-list for /data/data/com.termux/files/home/github/ckpttn-cpp/standalone/source/main.cpp:
#include <ckpttn/greeter.h>  // for LanguageCode, LanguageCode::DE, Language...
#include <ckpttn/version.h>  // for CKPTTN_VERSION
#include <cxxopts.hpp>       // for value, OptionAdder, Options, OptionValue
#include <iostream>          // for string, operator<<, endl, basic_ostream
#include <memory>            // for shared_ptr
#include <string>            // for char_traits, hash, operator==
#include <unordered_map>     // for operator==, unordered_map, __hash_map_co...
---

[ 92%] Linking CXX executable CkPttn
[ 92%] Built target CkPttnStandalone
[ 94%] Building CXX object bench/CMakeFiles/Bench_FMBi_2pin_nets.dir/FMBi_2pin_nets.cpp.o
Warning: include-what-you-use reported diagnostics:

/data/data/com.termux/files/home/github/ckpttn-cpp/bench/FMBi_2pin_nets.cpp should add these lines:
#include <cstdint>                   // for uint8_t
#include <vector>                    // for vector
#include "ckpttn/FMBiGainCalc.hpp"   // for FMBiGainCalc
#include "ckpttn/PartMgrBase.hpp"    // for SimpleNetlist
#include "ckpttn/netlist.hpp"        // for Netlist

/data/data/com.termux/files/home/github/ckpttn-cpp/bench/FMBi_2pin_nets.cpp should remove these lines:

The full include-list for /data/data/com.termux/files/home/github/ckpttn-cpp/bench/FMBi_2pin_nets.cpp:
#include <ckpttn/FMBiConstrMgr.hpp>  // for FMBiConstrMgr
#include <ckpttn/FMBiGainMgr.hpp>    // for FMBiGainMgr
#include <ckpttn/FMPartMgr.hpp>      // for FMPartMgr
#include <cstdint>                   // for uint8_t
#include <string_view>               // for string_view
#include <vector>                    // for vector
#include "benchmark/benchmark.h"     // for BENCHMARK, State, BENCHMARK_MAIN
#include "ckpttn/FMBiGainCalc.hpp"   // for FMBiGainCalc
#include "ckpttn/PartMgrBase.hpp"    // for SimpleNetlist
#include "ckpttn/netlist.hpp"        // for Netlist
---

[ 96%] Linking CXX executable FMBi_2pin_nets
[ 96%] Built target Bench_FMBi_2pin_nets
[ 98%] Building CXX object bench/CMakeFiles/Bench_FMKWay_2pin_nets.dir/FMKWay_2pin_nets.cpp.o
Warning: include-what-you-use reported diagnostics:

/data/data/com.termux/files/home/github/ckpttn-cpp/bench/FMKWay_2pin_nets.cpp should add these lines:
#include <cstdint>                     // for uint8_t
#include <vector>                      // for vector
#include "ckpttn/FMKWayGainCalc.hpp"   // for FMKWayGainCalc
#include "ckpttn/PartMgrBase.hpp"      // for SimpleNetlist
#include "ckpttn/netlist.hpp"          // for Netlist

/data/data/com.termux/files/home/github/ckpttn-cpp/bench/FMKWay_2pin_nets.cpp should remove these lines:

The full include-list for /data/data/com.termux/files/home/github/ckpttn-cpp/bench/FMKWay_2pin_nets.cpp:
#include <ckpttn/FMKWayConstrMgr.hpp>  // for FMKWayConstrMgr
#include <ckpttn/FMKWayGainMgr.hpp>    // for FMKWayGainMgr
#include <ckpttn/FMPartMgr.hpp>        // for FMPartMgr
#include <cstdint>                     // for uint8_t
#include <string_view>                 // for string_view
#include <vector>                      // for vector
#include "benchmark/benchmark.h"       // for BENCHMARK, State, BENCHMARK_MAIN
#include "ckpttn/FMKWayGainCalc.hpp"   // for FMKWayGainCalc
#include "ckpttn/PartMgrBase.hpp"      // for SimpleNetlist
#include "ckpttn/netlist.hpp"          // for Netlist
---

[100%] Linking CXX executable FMKWay_2pin_nets
[100%] Built target Bench_FMKWay_2pin_nets
